#
# There is insufficient memory for the Java Runtime Environment to continue.
# Native memory allocation (malloc) failed to allocate 32744 bytes for ChunkPool::allocate
# Possible reasons:
#   The system is out of physical RAM or swap space
#   The process is running with CompressedOops enabled, and the Java Heap may be blocking the growth of the native heap
# Possible solutions:
#   Reduce memory load on the system
#   Increase physical memory or swap space
#   Check if swap backing store is full
#   Decrease Java heap size (-Xmx/-Xms)
#   Decrease number of Java threads
#   Decrease Java thread stack sizes (-Xss)
#   Set larger code cache with -XX:ReservedCodeCacheSize=
#   JVM is running with Unscaled Compressed Oops mode in which the Java heap is
#     placed in the first 4GB address space. The Java Heap base address is the
#     maximum limit for the native heap growth. Please use -XX:HeapBaseMinAddress
#     to set the Java Heap base and to place the Java Heap above 4GB virtual address.
# This output file may be truncated or incomplete.
#
#  Out of Memory Error (allocation.cpp:272), pid=1584, tid=0x0000000000002e7c
#
# JRE version: OpenJDK Runtime Environment (8.0_242-b01) (build 1.8.0_242-release-1644-b01)
# Java VM: OpenJDK 64-Bit Server VM (25.242-b01 mixed mode windows-amd64 compressed oops)
# Failed to write core dump. Minidumps are not enabled by default on client versions of Windows
#

---------------  T H R E A D  ---------------

Current thread (0x0000000018241000):  JavaThread "C2 CompilerThread1" daemon [_thread_in_native, id=11900, stack(0x0000000019890000,0x0000000019990000)]

Stack: [0x0000000019890000,0x0000000019990000]
[error occurred during error reporting (printing stack bounds), id 0xc0000005]

Native frames: (J=compiled Java code, j=interpreted, Vv=VM code, C=native code)


Current CompileTask:
C2:   3536 1568   !   4       java.net.URLClassLoader$1::run (63 bytes)


---------------  P R O C E S S  ---------------

Java Threads: ( => current thread )
  0x000000001c12f000 JavaThread "Cache worker for file hash cache (C:\Users\Chiaki Hata\.gradle\caches\6.1.1\fileHashes)" [_thread_blocked, id=9448, stack(0x000000001db40000,0x000000001dc40000)]
  0x000000001c133800 JavaThread "File lock request listener" [_thread_in_native, id=9956, stack(0x000000001da40000,0x000000001db40000)]
  0x000000001c12b000 JavaThread "Cache worker for journal cache (C:\Users\Chiaki Hata\.gradle\caches\journal-1)" [_thread_blocked, id=11028, stack(0x000000001d940000,0x000000001da40000)]
  0x000000001be50800 JavaThread "Thread-9" [_thread_blocked, id=1016, stack(0x000000001d640000,0x000000001d740000)]
  0x000000001be57800 JavaThread "Stdin handler" [_thread_blocked, id=11752, stack(0x000000001d540000,0x000000001d640000)]
  0x000000001be54800 JavaThread "Asynchronous log dispatcher for DefaultDaemonConnection: socket connection from /127.0.0.1:59609 to /127.0.0.1:59610" [_thread_blocked, id=12984, stack(0x000000001d440000,0x000000001d540000)]
  0x000000001bd2a000 JavaThread "Daemon worker" [_thread_in_native, id=5240, stack(0x000000001d340000,0x000000001d440000)]
  0x000000001bd32000 JavaThread "Cancel handler" [_thread_blocked, id=3780, stack(0x000000001d240000,0x000000001d340000)]
  0x000000001be2a800 JavaThread "Handler for socket connection from /127.0.0.1:59609 to /127.0.0.1:59610" [_thread_in_native, id=10596, stack(0x000000001d140000,0x000000001d240000)]
  0x000000001be27000 JavaThread "Daemon" [_thread_blocked, id=11688, stack(0x000000001ce40000,0x000000001cf40000)]
  0x000000001be25800 JavaThread "Daemon periodic checks" [_thread_blocked, id=13044, stack(0x000000001cd40000,0x000000001ce40000)]
  0x000000001bcf0800 JavaThread "Incoming local TCP Connector on port 59609" [_thread_in_native, id=516, stack(0x000000001cb60000,0x000000001cc60000)]
  0x000000001bde3000 JavaThread "Daemon health stats" [_thread_blocked, id=8368, stack(0x000000001b860000,0x000000001b960000)]
  0x0000000019b0d000 JavaThread "Service Thread" daemon [_thread_blocked, id=9264, stack(0x0000000019e90000,0x0000000019f90000)]
  0x0000000018244800 JavaThread "C1 CompilerThread2" daemon [_thread_blocked, id=9084, stack(0x0000000019990000,0x0000000019a90000)]
=>0x0000000018241000 JavaThread "C2 CompilerThread1" daemon [_thread_in_native, id=11900, stack(0x0000000019890000,0x0000000019990000)]
  0x000000001828d800 JavaThread "C2 CompilerThread0" daemon [_thread_in_native, id=12504, stack(0x0000000019790000,0x0000000019890000)]
  0x000000001823a800 JavaThread "Attach Listener" daemon [_thread_blocked, id=3392, stack(0x0000000019690000,0x0000000019790000)]
  0x0000000018227800 JavaThread "Signal Dispatcher" daemon [_thread_blocked, id=5096, stack(0x0000000019590000,0x0000000019690000)]
  0x000000000360c000 JavaThread "Finalizer" daemon [_thread_blocked, id=13148, stack(0x0000000019490000,0x0000000019590000)]
  0x0000000018219000 JavaThread "Reference Handler" daemon [_thread_blocked, id=12740, stack(0x0000000019390000,0x0000000019490000)]
  0x000000000340e000 JavaThread "main" [_thread_blocked, id=6320, stack(0x0000000003410000,0x0000000003510000)]

Other Threads:
  0x00000000181f6000 VMThread [stack: 0x0000000019290000,0x0000000019390000] [id=3668]
  0x0000000019b0d800 WatcherThread [stack: 0x0000000019f90000,0x000000001a090000] [id=11996]

VM state:not at safepoint (normal execution)

VM Mutex/Monitor currently owned by a thread: None

heap address: 0x0000000080000000, size: 2048 MB, Compressed Oops mode: 32-bit
Narrow klass base: 0x0000000000000000, Narrow klass shift: 3
Compressed class space size: 1073741824 Address: 0x0000000100000000

Heap:
 PSYoungGen      total 70656K, used 47501K [0x00000000d5580000, 0x00000000ddf80000, 0x0000000100000000)
  eden space 65536K, 64% used [0x00000000d5580000,0x00000000d7eea3a8,0x00000000d9580000)
  from space 5120K, 99% used [0x00000000d9580000,0x00000000d9a79250,0x00000000d9a80000)
  to   space 5120K, 0% used [0x00000000dda80000,0x00000000dda80000,0x00000000ddf80000)
 ParOldGen       total 86016K, used 4272K [0x0000000080000000, 0x0000000085400000, 0x00000000d5580000)
  object space 86016K, 4% used [0x0000000080000000,0x000000008042c230,0x0000000085400000)
 Metaspace       used 18269K, capacity 18790K, committed 19072K, reserved 1064960K
  class space    used 2502K, capacity 2671K, committed 2688K, reserved 1048576K

Card table byte_map: [0x00000000129d0000,0x0000000012de0000] byte_map_base: 0x00000000125d0000

Marking Bits: (ParMarkBitMap*) 0x000000006a06f030
 Begin Bits: [0x0000000013490000, 0x0000000015490000)
 End Bits:   [0x0000000015490000, 0x0000000017490000)

Polling page: 0x0000000001740000

CodeCache: size=245760Kb used=5910Kb max_used=5910Kb free=239849Kb
 bounds [0x0000000003610000, 0x0000000003be0000, 0x0000000012610000]
 total_blobs=2075 nmethods=1663 adapters=325
 compilation: enabled

Compilation events (10 events):
Event: 3.472 Thread 0x0000000018244800 1666       3       java.util.concurrent.locks.ReentrantLock$Sync::tryRelease (45 bytes)
Event: 3.473 Thread 0x0000000018244800 nmethod 1666 0x0000000003bd6790 code [0x0000000003bd6920, 0x0000000003bd6ec8]
Event: 3.487 Thread 0x0000000018244800 1667       3       org.gradle.internal.service.DefaultServiceRegistry::access$1500 (6 bytes)
Event: 3.487 Thread 0x0000000018244800 nmethod 1667 0x0000000003bd7010 code [0x0000000003bd7180, 0x0000000003bd72e8]
Event: 3.487 Thread 0x0000000018244800 1668       3       org.gradle.internal.service.DefaultServiceRegistry$ManagedObjectServiceProvider::requiredBy (20 bytes)
Event: 3.487 Thread 0x0000000018244800 nmethod 1668 0x0000000003bd7390 code [0x0000000003bd7520, 0x0000000003bd7a48]
Event: 3.514 Thread 0x0000000018244800 1669       3       org.gradle.internal.service.DefaultServiceRegistry$ParentServices::getService (11 bytes)
Event: 3.514 Thread 0x0000000018244800 nmethod 1669 0x0000000003bd7b90 code [0x0000000003bd7d00, 0x0000000003bd7f28]
Event: 3.532 Thread 0x0000000018244800 1670  s    3       java.io.ExpiringCache::get (39 bytes)
Event: 3.533 Thread 0x0000000018244800 nmethod 1670 0x0000000003bd8010 code [0x0000000003bd81a0, 0x0000000003bd85d8]

GC Heap History (6 events):
Event: 0.787 GC heap before
{Heap before GC invocations=1 (full 0):
 PSYoungGen      total 37888K, used 32768K [0x00000000d5580000, 0x00000000d7f80000, 0x0000000100000000)
  eden space 32768K, 100% used [0x00000000d5580000,0x00000000d7580000,0x00000000d7580000)
  from space 5120K, 0% used [0x00000000d7a80000,0x00000000d7a80000,0x00000000d7f80000)
  to   space 5120K, 0% used [0x00000000d7580000,0x00000000d7580000,0x00000000d7a80000)
 ParOldGen       total 86016K, used 0K [0x0000000080000000, 0x0000000085400000, 0x00000000d5580000)
  object space 86016K, 0% used [0x0000000080000000,0x0000000080000000,0x0000000085400000)
 Metaspace       used 7573K, capacity 7836K, committed 8064K, reserved 1056768K
  class space    used 929K, capacity 1036K, committed 1152K, reserved 1048576K
Event: 0.795 GC heap after
Heap after GC invocations=1 (full 0):
 PSYoungGen      total 37888K, used 4560K [0x00000000d5580000, 0x00000000d9f80000, 0x0000000100000000)
  eden space 32768K, 0% used [0x00000000d5580000,0x00000000d5580000,0x00000000d7580000)
  from space 5120K, 89% used [0x00000000d7580000,0x00000000d79f4000,0x00000000d7a80000)
  to   space 5120K, 0% used [0x00000000d9a80000,0x00000000d9a80000,0x00000000d9f80000)
 ParOldGen       total 86016K, used 8K [0x0000000080000000, 0x0000000085400000, 0x00000000d5580000)
  object space 86016K, 0% used [0x0000000080000000,0x0000000080002000,0x0000000085400000)
 Metaspace       used 7573K, capacity 7836K, committed 8064K, reserved 1056768K
  class space    used 929K, capacity 1036K, committed 1152K, reserved 1048576K
}
Event: 1.189 GC heap before
{Heap before GC invocations=2 (full 0):
 PSYoungGen      total 37888K, used 37328K [0x00000000d5580000, 0x00000000d9f80000, 0x0000000100000000)
  eden space 32768K, 100% used [0x00000000d5580000,0x00000000d7580000,0x00000000d7580000)
  from space 5120K, 89% used [0x00000000d7580000,0x00000000d79f4000,0x00000000d7a80000)
  to   space 5120K, 0% used [0x00000000d9a80000,0x00000000d9a80000,0x00000000d9f80000)
 ParOldGen       total 86016K, used 8K [0x0000000080000000, 0x0000000085400000, 0x00000000d5580000)
  object space 86016K, 0% used [0x0000000080000000,0x0000000080002000,0x0000000085400000)
 Metaspace       used 7768K, capacity 8028K, committed 8320K, reserved 1056768K
  class space    used 937K, capacity 1036K, committed 1152K, reserved 1048576K
Event: 1.198 GC heap after
Heap after GC invocations=2 (full 0):
 PSYoungGen      total 70656K, used 3318K [0x00000000d5580000, 0x00000000d9f80000, 0x0000000100000000)
  eden space 65536K, 0% used [0x00000000d5580000,0x00000000d5580000,0x00000000d9580000)
  from space 5120K, 64% used [0x00000000d9a80000,0x00000000d9dbdb88,0x00000000d9f80000)
  to   space 5120K, 0% used [0x00000000d9580000,0x00000000d9580000,0x00000000d9a80000)
 ParOldGen       total 86016K, used 8K [0x0000000080000000, 0x0000000085400000, 0x00000000d5580000)
  object space 86016K, 0% used [0x0000000080000000,0x0000000080002000,0x0000000085400000)
 Metaspace       used 7768K, capacity 8028K, committed 8320K, reserved 1056768K
  class space    used 937K, capacity 1036K, committed 1152K, reserved 1048576K
}
Event: 2.916 GC heap before
{Heap before GC invocations=3 (full 0):
 PSYoungGen      total 70656K, used 68590K [0x00000000d5580000, 0x00000000d9f80000, 0x0000000100000000)
  eden space 65536K, 99% used [0x00000000d5580000,0x00000000d953df20,0x00000000d9580000)
  from space 5120K, 64% used [0x00000000d9a80000,0x00000000d9dbdb88,0x00000000d9f80000)
  to   space 5120K, 0% used [0x00000000d9580000,0x00000000d9580000,0x00000000d9a80000)
 ParOldGen       total 86016K, used 8K [0x0000000080000000, 0x0000000085400000, 0x00000000d5580000)
  object space 86016K, 0% used [0x0000000080000000,0x0000000080002000,0x0000000085400000)
 Metaspace       used 14327K, capacity 14802K, committed 14976K, reserved 1062912K
  class space    used 1944K, capacity 2093K, committed 2176K, reserved 1048576K
Event: 2.925 GC heap after
Heap after GC invocations=3 (full 0):
 PSYoungGen      total 70656K, used 5092K [0x00000000d5580000, 0x00000000ddf80000, 0x0000000100000000)
  eden space 65536K, 0% used [0x00000000d5580000,0x00000000d5580000,0x00000000d9580000)
  from space 5120K, 99% used [0x00000000d9580000,0x00000000d9a79250,0x00000000d9a80000)
  to   space 5120K, 0% used [0x00000000dda80000,0x00000000dda80000,0x00000000ddf80000)
 ParOldGen       total 86016K, used 4272K [0x0000000080000000, 0x0000000085400000, 0x00000000d5580000)
  object space 86016K, 4% used [0x0000000080000000,0x000000008042c230,0x0000000085400000)
 Metaspace       used 14327K, capacity 14802K, committed 14976K, reserved 1062912K
  class space    used 1944K, capacity 2093K, committed 2176K, reserved 1048576K
}

Deoptimization events (10 events):
Event: 2.428 Thread 0x000000001be2a800 Uncommon trap: reason=unstable_if action=reinterpret pc=0x000000000395085c method=java.lang.String.substring(I)Ljava/lang/String; @ 35
Event: 2.542 Thread 0x000000001bd2a000 Uncommon trap: reason=bimorphic action=maybe_recompile pc=0x00000000038f0a14 method=java.util.HashMap.putVal(ILjava/lang/Object;Ljava/lang/Object;ZZ)Ljava/lang/Object; @ 253
Event: 2.542 Thread 0x000000001bd2a000 Uncommon trap: reason=bimorphic action=maybe_recompile pc=0x00000000038f0a14 method=java.util.HashMap.putVal(ILjava/lang/Object;Ljava/lang/Object;ZZ)Ljava/lang/Object; @ 253
Event: 2.542 Thread 0x000000001bd2a000 Uncommon trap: reason=bimorphic action=maybe_recompile pc=0x00000000038f0a14 method=java.util.HashMap.putVal(ILjava/lang/Object;Ljava/lang/Object;ZZ)Ljava/lang/Object; @ 253
Event: 2.542 Thread 0x000000001bd2a000 Uncommon trap: reason=bimorphic action=maybe_recompile pc=0x00000000038f0a14 method=java.util.HashMap.putVal(ILjava/lang/Object;Ljava/lang/Object;ZZ)Ljava/lang/Object; @ 253
Event: 2.858 Thread 0x000000001bd2a000 Uncommon trap: reason=class_check action=maybe_recompile pc=0x0000000003967a18 method=java.util.regex.Matcher.match(II)Z @ 86
Event: 2.858 Thread 0x000000001bd2a000 Uncommon trap: reason=class_check action=maybe_recompile pc=0x0000000003967a18 method=java.util.regex.Matcher.match(II)Z @ 86
Event: 2.858 Thread 0x000000001bd2a000 Uncommon trap: reason=class_check action=maybe_recompile pc=0x0000000003967a18 method=java.util.regex.Matcher.match(II)Z @ 86
Event: 2.858 Thread 0x000000001bd2a000 Uncommon trap: reason=class_check action=maybe_recompile pc=0x00000000037cf8dc method=java.util.regex.Matcher.match(II)Z @ 86
Event: 3.172 Thread 0x000000001bd2a000 Uncommon trap: reason=unstable_if action=reinterpret pc=0x0000000003963bcc method=java.io.File.getName()Ljava/lang/String; @ 16

Classes redefined (0 events):
No events

Internal exceptions (10 events):
Event: 2.421 Thread 0x000000001be2a800 Exception <a 'java/lang/NoSuchMethodError': <clinit>> (0x00000000d78bc278) thrown at [C:\src\AOSP-openjdk-git\hotspot\src\share\vm\prims\jni.cpp, line 1615]
Event: 2.422 Thread 0x000000001be2a800 Exception <a 'java/lang/NoSuchMethodError': <clinit>> (0x00000000d78c4e18) thrown at [C:\src\AOSP-openjdk-git\hotspot\src\share\vm\prims\jni.cpp, line 1615]
Event: 2.425 Thread 0x000000001be2a800 Exception <a 'java/lang/NoSuchMethodError': <clinit>> (0x00000000d78db2a0) thrown at [C:\src\AOSP-openjdk-git\hotspot\src\share\vm\prims\jni.cpp, line 1615]
Event: 2.445 Thread 0x000000001be2a800 Exception <a 'java/lang/NoSuchMethodError': <clinit>> (0x00000000d7935c90) thrown at [C:\src\AOSP-openjdk-git\hotspot\src\share\vm\prims\jni.cpp, line 1615]
Event: 2.468 Thread 0x000000001be2a800 Exception <a 'java/lang/NoSuchMethodError': <clinit>> (0x00000000d79625d0) thrown at [C:\src\AOSP-openjdk-git\hotspot\src\share\vm\prims\jni.cpp, line 1615]
Event: 2.483 Thread 0x000000001be2a800 Exception <a 'java/lang/NoSuchMethodError': <clinit>> (0x00000000d798f910) thrown at [C:\src\AOSP-openjdk-git\hotspot\src\share\vm\prims\jni.cpp, line 1615]
Event: 2.489 Thread 0x000000001be2a800 Exception <a 'java/lang/NoSuchMethodError': <clinit>> (0x00000000d799a998) thrown at [C:\src\AOSP-openjdk-git\hotspot\src\share\vm\prims\jni.cpp, line 1615]
Event: 3.225 Thread 0x000000001bd2a000 Exception <a 'java/lang/NoSuchMethodError': java.lang.Object.lambda$and$0(Ljava/util/function/Predicate;Ljava/lang/Object;)Z> (0x00000000d6d3b7b8) thrown at [C:\src\AOSP-openjdk-git\hotspot\src\share\vm\interpreter\linkResolver.cpp, line 620]
Event: 3.232 Thread 0x000000001bd2a000 Exception <a 'java/lang/IncompatibleClassChangeError': Found class java.lang.Object, but interface was expected> (0x00000000d6d4bfa8) thrown at [C:\src\AOSP-openjdk-git\hotspot\src\share\vm\interpreter\linkResolver.cpp, line 653]
Event: 3.236 Thread 0x000000001bd2a000 Exception <a 'java/lang/NoSuchMethodError': java.lang.Object.lambda$or$2(Ljava/util/function/Predicate;Ljava/lang/Object;)Z> (0x00000000d6d50ec8) thrown at [C:\src\AOSP-openjdk-git\hotspot\src\share\vm\interpreter\linkResolver.cpp, line 620]

Events (10 events):
Event: 3.531 loading class org/gradle/internal/scripts/ScriptingLanguages
Event: 3.531 loading class org/gradle/internal/scripts/ScriptingLanguages done
Event: 3.531 loading class org/gradle/scripts/ScriptingLanguage
Event: 3.531 loading class org/gradle/scripts/ScriptingLanguage done
Event: 3.531 loading class org/gradle/internal/scripts/ScriptingLanguages$1
Event: 3.531 loading class org/gradle/internal/scripts/ScriptingLanguages$1 done
Event: 3.532 loading class org/gradle/initialization/layout/BuildLayout
Event: 3.532 loading class org/gradle/initialization/layout/BuildLayout done
Event: 3.532 loading class org/gradle/initialization/SettingsLocation
Event: 3.532 loading class org/gradle/initialization/SettingsLocation done


Dynamic libraries:
0x00007ff75beb0000 - 0x00007ff75bee1000 	C:\Program Files\Android\Android Studio\jre\bin\java.exe
0x00007fffaa9f0000 - 0x00007fffaabe6000 	C:\WINDOWS\SYSTEM32\ntdll.dll
0x00007fffa95a0000 - 0x00007fffa965d000 	C:\WINDOWS\System32\KERNEL32.DLL
0x00007fffa83a0000 - 0x00007fffa8669000 	C:\WINDOWS\System32\KERNELBASE.dll
0x00007fffa9910000 - 0x00007fffa99bc000 	C:\WINDOWS\System32\ADVAPI32.dll
0x00007fffa8a50000 - 0x00007fffa8aee000 	C:\WINDOWS\System32\msvcrt.dll
0x00007fffa8b70000 - 0x00007fffa8c0c000 	C:\WINDOWS\System32\sechost.dll
0x00007fffa9730000 - 0x00007fffa985b000 	C:\WINDOWS\System32\RPCRT4.dll
0x00007fffaa300000 - 0x00007fffaa4a0000 	C:\WINDOWS\System32\USER32.dll
0x00007fffa89d0000 - 0x00007fffa89f2000 	C:\WINDOWS\System32\win32u.dll
0x00007fffaa1e0000 - 0x00007fffaa20a000 	C:\WINDOWS\System32\GDI32.dll
0x00007fffa8130000 - 0x00007fffa823b000 	C:\WINDOWS\System32\gdi32full.dll
0x00007fffa8670000 - 0x00007fffa870d000 	C:\WINDOWS\System32\msvcp_win.dll
0x00007fffa8790000 - 0x00007fffa8890000 	C:\WINDOWS\System32\ucrtbase.dll
0x00007fff94610000 - 0x00007fff948ab000 	C:\WINDOWS\WinSxS\amd64_microsoft.windows.common-controls_6595b64144ccf1df_6.0.19041.746_none_ca02b4b61b8320a4\COMCTL32.dll
0x00007fffa98e0000 - 0x00007fffa9910000 	C:\WINDOWS\System32\IMM32.DLL
0x00000000697c0000 - 0x0000000069892000 	C:\Program Files\Android\Android Studio\jre\jre\bin\msvcr100.dll
0x00000000698a0000 - 0x000000006a0eb000 	C:\Program Files\Android\Android Studio\jre\jre\bin\server\jvm.dll
0x00007fffaa120000 - 0x00007fffaa128000 	C:\WINDOWS\System32\PSAPI.DLL
0x00007fff9f420000 - 0x00007fff9f42a000 	C:\WINDOWS\SYSTEM32\VERSION.dll
0x00007fff8a4c0000 - 0x00007fff8a4c9000 	C:\WINDOWS\SYSTEM32\WSOCK32.dll
0x00007fffa96c0000 - 0x00007fffa972b000 	C:\WINDOWS\System32\WS2_32.dll
0x00007fff93cc0000 - 0x00007fff93ce7000 	C:\WINDOWS\SYSTEM32\WINMM.dll
0x00007fff924f0000 - 0x00007fff924ff000 	C:\Program Files\Android\Android Studio\jre\jre\bin\verify.dll
0x00007fff6f4b0000 - 0x00007fff6f4d9000 	C:\Program Files\Android\Android Studio\jre\jre\bin\java.dll
0x00007fff917d0000 - 0x00007fff917e6000 	C:\Program Files\Android\Android Studio\jre\jre\bin\zip.dll
0x00007fffa99c0000 - 0x00007fffaa102000 	C:\WINDOWS\System32\SHELL32.dll
0x00007fffa6280000 - 0x00007fffa6a10000 	C:\WINDOWS\SYSTEM32\windows.storage.dll
0x00007fffaa650000 - 0x00007fffaa9a6000 	C:\WINDOWS\System32\combase.dll
0x00007fffa7b90000 - 0x00007fffa7bbc000 	C:\WINDOWS\SYSTEM32\Wldp.dll
0x00007fffa9410000 - 0x00007fffa94be000 	C:\WINDOWS\System32\SHCORE.dll
0x00007fffaa210000 - 0x00007fffaa265000 	C:\WINDOWS\System32\shlwapi.dll
0x00007fffa8060000 - 0x00007fffa8086000 	C:\WINDOWS\SYSTEM32\profapi.dll
0x00007fff913c0000 - 0x00007fff913da000 	C:\Program Files\Android\Android Studio\jre\jre\bin\net.dll
0x00007fffa7910000 - 0x00007fffa797a000 	C:\WINDOWS\system32\mswsock.dll
0x00007fff8e620000 - 0x00007fff8e633000 	C:\Program Files\Android\Android Studio\jre\jre\bin\nio.dll
0x00007fff8e480000 - 0x00007fff8e4a6000 	C:\Users\Chiaki Hata\.gradle\native\31\windows-amd64\native-platform.dll
0x00007fff90c70000 - 0x00007fff90c7d000 	C:\Program Files\Android\Android Studio\jre\jre\bin\management.dll
0x00007fffa7af0000 - 0x00007fffa7b08000 	C:\WINDOWS\SYSTEM32\CRYPTSP.dll
0x00007fffa7240000 - 0x00007fffa7274000 	C:\WINDOWS\system32\rsaenh.dll
0x00007fffa88f0000 - 0x00007fffa8917000 	C:\WINDOWS\System32\bcrypt.dll
0x00007fffa7fe0000 - 0x00007fffa800e000 	C:\WINDOWS\SYSTEM32\USERENV.dll
0x00007fffa8710000 - 0x00007fffa8790000 	C:\WINDOWS\System32\bcryptprimitives.dll
0x00007fffa7ae0000 - 0x00007fffa7aec000 	C:\WINDOWS\SYSTEM32\CRYPTBASE.dll
0x00007fffa75b0000 - 0x00007fffa75eb000 	C:\WINDOWS\SYSTEM32\IPHLPAPI.DLL
0x00007fffaa110000 - 0x00007fffaa118000 	C:\WINDOWS\System32\NSI.dll
0x00007fff9ca70000 - 0x00007fff9ca87000 	C:\WINDOWS\SYSTEM32\dhcpcsvc6.DLL
0x00007fff9c8d0000 - 0x00007fff9c8ed000 	C:\WINDOWS\SYSTEM32\dhcpcsvc.DLL
0x00007fffa75f0000 - 0x00007fffa76bb000 	C:\WINDOWS\SYSTEM32\DNSAPI.dll

VM Arguments:
jvm_args: -Xmx2048m -Dfile.encoding=windows-31j -Duser.country=JP -Duser.language=ja -Duser.variant 
java_command: org.gradle.launcher.daemon.bootstrap.GradleDaemon 6.1.1
java_class_path (initial): C:\Users\Chiaki Hata\.gradle\wrapper\dists\gradle-6.1.1-all\cfmwm155h49vnt3hynmlrsdst\gradle-6.1.1\lib\gradle-launcher-6.1.1.jar
Launcher Type: SUN_STANDARD

Environment Variables:
JAVA_HOME=C:\Program Files\java\jdk1.7.0_80
PATH=C:\WINDOWS\system32;C:\WINDOWS;C:\WINDOWS\System32\Wbem;C:\WINDOWS\System32\WindowsPowerShell\v1.0\;C:\WINDOWS\System32\OpenSSH\;C:\Program Files\java\jdk1.7.0_80\bin;C:\Program Files\Intel\WiFi\bin\;C:\Program Files\Common Files\Intel\WirelessCommon\;C:\Program Files\MariaDB 10.1\bin;C:\Users\Chiaki Hata\AppData\Local\Microsoft\WindowsApps;C:\Users\Chiaki Hata\AppData\Local\Programs\Git\cmd;
USERNAME=Chiaki Hata
OS=Windows_NT
PROCESSOR_IDENTIFIER=Intel64 Family 6 Model 142 Stepping 12, GenuineIntel



---------------  S Y S T E M  ---------------

OS: Windows 10.0 , 64 bit Build 19041 (10.0.19041.804)

CPU:total 4 (initial active 4) (2 cores per cpu, 2 threads per core) family 6 model 142 stepping 12, cmov, cx8, fxsr, mmx, sse, sse2, sse3, ssse3, sse4.1, sse4.2, popcnt, avx, avx2, aes, clmul, erms, 3dnowpref, lzcnt, ht, tsc, tscinvbit, bmi1, bmi2, adx

Memory: 4k page, physical 8164132k(1926804k free), swap 8164132k(4368k free)

vm_info: OpenJDK 64-Bit Server VM (25.242-b01) for windows-amd64 JRE (1.8.0_242-release-1644-b01), built by "builder" with MS VC++ 10.0 (VS2010)

time: Wed Feb 17 18:20:40 2021
timezone: ìåãû (ïWèÄéû)
elapsed time: 3 seconds (0d 0h 0m 3s)

