#
# There is insufficient memory for the Java Runtime Environment to continue.
# Native memory allocation (malloc) failed to allocate 1193376 bytes for Chunk::new
# Possible reasons:
#   The system is out of physical RAM or swap space
#   The process is running with CompressedOops enabled, and the Java Heap may be blocking the growth of the native heap
# Possible solutions:
#   Reduce memory load on the system
#   Increase physical memory or swap space
#   Check if swap backing store is full
#   Decrease Java heap size (-Xmx/-Xms)
#   Decrease number of Java threads
#   Decrease Java thread stack sizes (-Xss)
#   Set larger code cache with -XX:ReservedCodeCacheSize=
#   JVM is running with Unscaled Compressed Oops mode in which the Java heap is
#     placed in the first 4GB address space. The Java Heap base address is the
#     maximum limit for the native heap growth. Please use -XX:HeapBaseMinAddress
#     to set the Java Heap base and to place the Java Heap above 4GB virtual address.
# This output file may be truncated or incomplete.
#
#  Out of Memory Error (allocation.cpp:389), pid=12964, tid=0x0000000000002b14
#
# JRE version: OpenJDK Runtime Environment (8.0_242-b01) (build 1.8.0_242-release-1644-b01)
# Java VM: OpenJDK 64-Bit Server VM (25.242-b01 mixed mode windows-amd64 compressed oops)
# Failed to write core dump. Minidumps are not enabled by default on client versions of Windows
#

---------------  T H R E A D  ---------------

Current thread (0x0000000017712800):  JavaThread "C2 CompilerThread1" daemon [_thread_in_native, id=11028, stack(0x0000000018e00000,0x0000000018f00000)]

Stack: [0x0000000018e00000,0x0000000018f00000]
[error occurred during error reporting (printing stack bounds), id 0xc0000005]

Native frames: (J=compiled Java code, j=interpreted, Vv=VM code, C=native code)


Current CompileTask:
C2:   8612 3568       4       groovy.lang.MetaClassImpl$1MOPIter::methodNameAction (325 bytes)


---------------  P R O C E S S  ---------------

Java Threads: ( => current thread )
  0x000000001a913800 JavaThread "Build operations Thread 4" [_thread_blocked, id=10372, stack(0x0000000021950000,0x0000000021a50000)]
  0x000000001a90f800 JavaThread "Build operations Thread 3" [_thread_blocked, id=9560, stack(0x0000000021850000,0x0000000021950000)]
  0x000000001a912800 JavaThread "Build operations Thread 2" [_thread_blocked, id=4824, stack(0x0000000021750000,0x0000000021850000)]
  0x000000001a912000 JavaThread "Build operations" [_thread_blocked, id=2532, stack(0x0000000021650000,0x0000000021750000)]
  0x000000001b5e9000 JavaThread "Cache worker for execution history cache (C:\Users\Chiaki Hata\.gradle\caches\6.1.1\executionHistory)" [_thread_blocked, id=4952, stack(0x000000001f950000,0x000000001fa50000)]
  0x000000001b5e9800 JavaThread "Cache worker for cache directory md-rule (C:\Users\Chiaki Hata\.gradle\caches\6.1.1\md-rule)" [_thread_blocked, id=10720, stack(0x000000001f850000,0x000000001f950000)]
  0x000000001b5e8000 JavaThread "Cache worker for cache directory md-supplier (C:\Users\Chiaki Hata\.gradle\caches\6.1.1\md-supplier)" [_thread_blocked, id=3796, stack(0x000000001f750000,0x000000001f850000)]
  0x000000001b5ea800 JavaThread "Cache worker for file hash cache (C:\work2\AutoSlideshowApp\.gradle\6.1.1\fileHashes)" [_thread_blocked, id=11180, stack(0x000000001f250000,0x000000001f350000)]
  0x000000001b5e6000 JavaThread "Cache worker for checksums cache (C:\work2\AutoSlideshowApp\.gradle\checksums)" [_thread_blocked, id=3684, stack(0x000000001f150000,0x000000001f250000)]
  0x000000001b5eb000 JavaThread "Cache worker for file hash cache (C:\Users\Chiaki Hata\.gradle\caches\6.1.1\fileHashes)" [_thread_blocked, id=10792, stack(0x000000001f050000,0x000000001f150000)]
  0x000000001b5e5000 JavaThread "File lock request listener" [_thread_in_native, id=12448, stack(0x000000001cfb0000,0x000000001d0b0000)]
  0x000000001b5fb800 JavaThread "Cache worker for journal cache (C:\Users\Chiaki Hata\.gradle\caches\journal-1)" [_thread_blocked, id=3636, stack(0x000000001ceb0000,0x000000001cfb0000)]
  0x000000001b41d800 JavaThread "Thread-9" [_thread_blocked, id=11292, stack(0x000000001cbb0000,0x000000001ccb0000)]
  0x000000001b427800 JavaThread "Stdin handler" [_thread_blocked, id=7696, stack(0x000000001cab0000,0x000000001cbb0000)]
  0x000000001b43c000 JavaThread "Asynchronous log dispatcher for DefaultDaemonConnection: socket connection from /127.0.0.1:59254 to /127.0.0.1:59255" [_thread_blocked, id=5760, stack(0x000000001c9b0000,0x000000001cab0000)]
  0x000000001b436800 JavaThread "Daemon worker" [_thread_in_vm, id=7080, stack(0x000000001c8b0000,0x000000001c9b0000)]
  0x000000001b43e000 JavaThread "Cancel handler" [_thread_blocked, id=4492, stack(0x000000001c7b0000,0x000000001c8b0000)]
  0x000000001a00d000 JavaThread "Handler for socket connection from /127.0.0.1:59254 to /127.0.0.1:59255" [_thread_in_native, id=8820, stack(0x000000001c6b0000,0x000000001c7b0000)]
  0x000000001a00c800 JavaThread "Daemon" [_thread_blocked, id=1724, stack(0x000000001c3b0000,0x000000001c4b0000)]
  0x000000001b3a0000 JavaThread "Daemon periodic checks" [_thread_blocked, id=10648, stack(0x000000001c2b0000,0x000000001c3b0000)]
  0x000000001b392800 JavaThread "Incoming local TCP Connector on port 59254" [_thread_in_native, id=12428, stack(0x000000001c0d0000,0x000000001c1d0000)]
  0x0000000019629800 JavaThread "Daemon health stats" [_thread_blocked, id=8832, stack(0x000000001add0000,0x000000001aed0000)]
  0x0000000018f7c000 JavaThread "Service Thread" daemon [_thread_blocked, id=2524, stack(0x0000000019400000,0x0000000019500000)]
  0x0000000017717000 JavaThread "C1 CompilerThread2" daemon [_thread_blocked, id=1752, stack(0x0000000019300000,0x0000000019400000)]
=>0x0000000017712800 JavaThread "C2 CompilerThread1" daemon [_thread_in_native, id=11028, stack(0x0000000018e00000,0x0000000018f00000)]
  0x000000001775d000 JavaThread "C2 CompilerThread0" daemon [_thread_blocked, id=3352, stack(0x0000000018d00000,0x0000000018e00000)]
  0x0000000017709800 JavaThread "Attach Listener" daemon [_thread_blocked, id=2688, stack(0x0000000018c00000,0x0000000018d00000)]
  0x00000000176f6800 JavaThread "Signal Dispatcher" daemon [_thread_blocked, id=2064, stack(0x0000000018b00000,0x0000000018c00000)]
  0x0000000002adb000 JavaThread "Finalizer" daemon [_thread_blocked, id=12272, stack(0x0000000018960000,0x0000000018a60000)]
  0x00000000176e9000 JavaThread "Reference Handler" daemon [_thread_blocked, id=10580, stack(0x0000000018860000,0x0000000018960000)]
  0x0000000000bde000 JavaThread "main" [_thread_blocked, id=11536, stack(0x00000000028e0000,0x00000000029e0000)]

Other Threads:
  0x00000000176c6000 VMThread [stack: 0x0000000018760000,0x0000000018860000] [id=7192]
  0x0000000018f7d000 WatcherThread [stack: 0x0000000019500000,0x0000000019600000] [id=9724]

VM state:not at safepoint (normal execution)

VM Mutex/Monitor currently owned by a thread: None

heap address: 0x0000000080000000, size: 2048 MB, Compressed Oops mode: 32-bit
Narrow klass base: 0x0000000000000000, Narrow klass shift: 3
Compressed class space size: 1073741824 Address: 0x0000000100000000

Heap:
 PSYoungGen      total 137216K, used 66922K [0x00000000d5580000, 0x00000000e2300000, 0x0000000100000000)
  eden space 125952K, 53% used [0x00000000d5580000,0x00000000d96da8a0,0x00000000dd080000)
  from space 11264K, 0% used [0x00000000dd080000,0x00000000dd080000,0x00000000ddb80000)
  to   space 13312K, 0% used [0x00000000e1600000,0x00000000e1600000,0x00000000e2300000)
 ParOldGen       total 68608K, used 18729K [0x0000000080000000, 0x0000000084300000, 0x00000000d5580000)
  object space 68608K, 27% used [0x0000000080000000,0x000000008124a6c8,0x0000000084300000)
 Metaspace       used 39056K, capacity 40522K, committed 40792K, reserved 1085440K
  class space    used 5353K, capacity 5693K, committed 5760K, reserved 1048576K

Card table byte_map: [0x0000000011ea0000,0x00000000122b0000] byte_map_base: 0x0000000011aa0000

Marking Bits: (ParMarkBitMap*) 0x000000006a06f030
 Begin Bits: [0x0000000012960000, 0x0000000014960000)
 End Bits:   [0x0000000014960000, 0x0000000016960000)

Polling page: 0x0000000000bb0000

CodeCache: size=245760Kb used=12571Kb max_used=12577Kb free=233188Kb
 bounds [0x0000000002ae0000, 0x0000000003740000, 0x0000000011ae0000]
 total_blobs=4248 nmethods=3524 adapters=637
 compilation: enabled

Compilation events (10 events):
Event: 8.539 Thread 0x000000001775d000 3768       4       java.util.HashMap::put (13 bytes)
Event: 8.543 Thread 0x0000000017717000 3770   !   3       java.lang.invoke.MethodHandleNatives::linkMethodHandleConstant (154 bytes)
Event: 8.544 Thread 0x0000000017717000 nmethod 3770 0x0000000003725f10 code [0x0000000003726160, 0x0000000003726d18]
Event: 8.544 Thread 0x0000000017717000 3771       3       java.lang.invoke.MethodHandles$Lookup::linkMethodHandleConstant (185 bytes)
Event: 8.545 Thread 0x0000000017717000 nmethod 3771 0x000000000372b650 code [0x000000000372b900, 0x000000000372cdb8]
Event: 8.547 Thread 0x000000001775d000 nmethod 3768 0x00000000037305d0 code [0x0000000003730760, 0x0000000003730cc8]
Event: 8.557 Thread 0x0000000017717000 3773       3       java.lang.invoke.TypeConvertingMethodAdapter::cast (42 bytes)
Event: 8.558 Thread 0x0000000017717000 nmethod 3773 0x000000000372fc90 code [0x000000000372fe40, 0x00000000037303e8]
Event: 8.586 Thread 0x0000000017717000 3774   !   3       com.google.common.collect.MapMakerInternalMap$Segment::runLockedCleanup (34 bytes)
Event: 8.586 Thread 0x0000000017717000 nmethod 3774 0x000000000372efd0 code [0x000000000372f180, 0x000000000372f9d8]

GC Heap History (10 events):
Event: 4.416 GC heap before
{Heap before GC invocations=7 (full 0):
 PSYoungGen      total 74752K, used 10847K [0x00000000d5580000, 0x00000000dab80000, 0x0000000100000000)
  eden space 64512K, 3% used [0x00000000d5580000,0x00000000d5781e30,0x00000000d9480000)
  from space 10240K, 85% used [0x00000000d9f80000,0x00000000da815e38,0x00000000da980000)
  to   space 11264K, 0% used [0x00000000d9480000,0x00000000d9480000,0x00000000d9f80000)
 ParOldGen       total 86016K, used 6724K [0x0000000080000000, 0x0000000085400000, 0x00000000d5580000)
  object space 86016K, 7% used [0x0000000080000000,0x0000000080691198,0x0000000085400000)
 Metaspace       used 20557K, capacity 21208K, committed 21248K, reserved 1067008K
  class space    used 2869K, capacity 3056K, committed 3072K, reserved 1048576K
Event: 4.428 GC heap after
Heap after GC invocations=7 (full 0):
 PSYoungGen      total 75776K, used 3969K [0x00000000d5580000, 0x00000000de980000, 0x0000000100000000)
  eden space 64512K, 0% used [0x00000000d5580000,0x00000000d5580000,0x00000000d9480000)
  from space 11264K, 35% used [0x00000000d9480000,0x00000000d9860478,0x00000000d9f80000)
  to   space 11264K, 0% used [0x00000000dde80000,0x00000000dde80000,0x00000000de980000)
 ParOldGen       total 86016K, used 9049K [0x0000000080000000, 0x0000000085400000, 0x00000000d5580000)
  object space 86016K, 10% used [0x0000000080000000,0x00000000808d67e8,0x0000000085400000)
 Metaspace       used 20557K, capacity 21208K, committed 21248K, reserved 1067008K
  class space    used 2869K, capacity 3056K, committed 3072K, reserved 1048576K
}
Event: 4.428 GC heap before
{Heap before GC invocations=8 (full 1):
 PSYoungGen      total 75776K, used 3969K [0x00000000d5580000, 0x00000000de980000, 0x0000000100000000)
  eden space 64512K, 0% used [0x00000000d5580000,0x00000000d5580000,0x00000000d9480000)
  from space 11264K, 35% used [0x00000000d9480000,0x00000000d9860478,0x00000000d9f80000)
  to   space 11264K, 0% used [0x00000000dde80000,0x00000000dde80000,0x00000000de980000)
 ParOldGen       total 86016K, used 9049K [0x0000000080000000, 0x0000000085400000, 0x00000000d5580000)
  object space 86016K, 10% used [0x0000000080000000,0x00000000808d67e8,0x0000000085400000)
 Metaspace       used 20557K, capacity 21208K, committed 21248K, reserved 1067008K
  class space    used 2869K, capacity 3056K, committed 3072K, reserved 1048576K
Event: 4.485 GC heap after
Heap after GC invocations=8 (full 1):
 PSYoungGen      total 75776K, used 0K [0x00000000d5580000, 0x00000000de980000, 0x0000000100000000)
  eden space 64512K, 0% used [0x00000000d5580000,0x00000000d5580000,0x00000000d9480000)
  from space 11264K, 0% used [0x00000000d9480000,0x00000000d9480000,0x00000000d9f80000)
  to   space 11264K, 0% used [0x00000000dde80000,0x00000000dde80000,0x00000000de980000)
 ParOldGen       total 47616K, used 7127K [0x0000000080000000, 0x0000000082e80000, 0x00000000d5580000)
  object space 47616K, 14% used [0x0000000080000000,0x00000000806f5f00,0x0000000082e80000)
 Metaspace       used 20557K, capacity 21208K, committed 21248K, reserved 1067008K
  class space    used 2869K, capacity 3056K, committed 3072K, reserved 1048576K
}
Event: 5.611 GC heap before
{Heap before GC invocations=9 (full 1):
 PSYoungGen      total 75776K, used 64512K [0x00000000d5580000, 0x00000000de980000, 0x0000000100000000)
  eden space 64512K, 100% used [0x00000000d5580000,0x00000000d9480000,0x00000000d9480000)
  from space 11264K, 0% used [0x00000000d9480000,0x00000000d9480000,0x00000000d9f80000)
  to   space 11264K, 0% used [0x00000000dde80000,0x00000000dde80000,0x00000000de980000)
 ParOldGen       total 47616K, used 7127K [0x0000000080000000, 0x0000000082e80000, 0x00000000d5580000)
  object space 47616K, 14% used [0x0000000080000000,0x00000000806f5f00,0x0000000082e80000)
 Metaspace       used 28249K, capacity 28928K, committed 29312K, reserved 1075200K
  class space    used 3893K, capacity 4131K, committed 4224K, reserved 1048576K
Event: 5.621 GC heap after
Heap after GC invocations=9 (full 1):
 PSYoungGen      total 129536K, used 8035K [0x00000000d5580000, 0x00000000de680000, 0x0000000100000000)
  eden space 121344K, 0% used [0x00000000d5580000,0x00000000d5580000,0x00000000dcc00000)
  from space 8192K, 98% used [0x00000000dde80000,0x00000000de658e98,0x00000000de680000)
  to   space 11264K, 0% used [0x00000000dd080000,0x00000000dd080000,0x00000000ddb80000)
 ParOldGen       total 47616K, used 7135K [0x0000000080000000, 0x0000000082e80000, 0x00000000d5580000)
  object space 47616K, 14% used [0x0000000080000000,0x00000000806f7f00,0x0000000082e80000)
 Metaspace       used 28249K, capacity 28928K, committed 29312K, reserved 1075200K
  class space    used 3893K, capacity 4131K, committed 4224K, reserved 1048576K
}
Event: 6.958 GC heap before
{Heap before GC invocations=10 (full 1):
 PSYoungGen      total 129536K, used 125073K [0x00000000d5580000, 0x00000000de680000, 0x0000000100000000)
  eden space 121344K, 96% used [0x00000000d5580000,0x00000000dc7cb8d8,0x00000000dcc00000)
  from space 8192K, 98% used [0x00000000dde80000,0x00000000de658e98,0x00000000de680000)
  to   space 11264K, 0% used [0x00000000dd080000,0x00000000dd080000,0x00000000ddb80000)
 ParOldGen       total 47616K, used 7135K [0x0000000080000000, 0x0000000082e80000, 0x00000000d5580000)
  object space 47616K, 14% used [0x0000000080000000,0x00000000806f7f00,0x0000000082e80000)
 Metaspace       used 34467K, capacity 35386K, committed 35416K, reserved 1079296K
  class space    used 4721K, capacity 4970K, committed 4992K, reserved 1048576K
Event: 6.973 GC heap after
Heap after GC invocations=10 (full 1):
 PSYoungGen      total 137216K, used 11243K [0x00000000d5580000, 0x00000000e2300000, 0x0000000100000000)
  eden space 125952K, 0% used [0x00000000d5580000,0x00000000d5580000,0x00000000dd080000)
  from space 11264K, 99% used [0x00000000dd080000,0x00000000ddb7af28,0x00000000ddb80000)
  to   space 13312K, 0% used [0x00000000e1600000,0x00000000e1600000,0x00000000e2300000)
 ParOldGen       total 47616K, used 8033K [0x0000000080000000, 0x0000000082e80000, 0x00000000d5580000)
  object space 47616K, 16% used [0x0000000080000000,0x00000000807d8498,0x0000000082e80000)
 Metaspace       used 34467K, capacity 35386K, committed 35416K, reserved 1079296K
  class space    used 4721K, capacity 4970K, committed 4992K, reserved 1048576K
}
Event: 6.973 GC heap before
{Heap before GC invocations=11 (full 2):
 PSYoungGen      total 137216K, used 11243K [0x00000000d5580000, 0x00000000e2300000, 0x0000000100000000)
  eden space 125952K, 0% used [0x00000000d5580000,0x00000000d5580000,0x00000000dd080000)
  from space 11264K, 99% used [0x00000000dd080000,0x00000000ddb7af28,0x00000000ddb80000)
  to   space 13312K, 0% used [0x00000000e1600000,0x00000000e1600000,0x00000000e2300000)
 ParOldGen       total 47616K, used 8033K [0x0000000080000000, 0x0000000082e80000, 0x00000000d5580000)
  object space 47616K, 16% used [0x0000000080000000,0x00000000807d8498,0x0000000082e80000)
 Metaspace       used 34467K, capacity 35386K, committed 35416K, reserved 1079296K
  class space    used 4721K, capacity 4970K, committed 4992K, reserved 1048576K
Event: 7.067 GC heap after
Heap after GC invocations=11 (full 2):
 PSYoungGen      total 137216K, used 0K [0x00000000d5580000, 0x00000000e2300000, 0x0000000100000000)
  eden space 125952K, 0% used [0x00000000d5580000,0x00000000d5580000,0x00000000dd080000)
  from space 11264K, 0% used [0x00000000dd080000,0x00000000dd080000,0x00000000ddb80000)
  to   space 13312K, 0% used [0x00000000e1600000,0x00000000e1600000,0x00000000e2300000)
 ParOldGen       total 68608K, used 18729K [0x0000000080000000, 0x0000000084300000, 0x00000000d5580000)
  object space 68608K, 27% used [0x0000000080000000,0x000000008124a6c8,0x0000000084300000)
 Metaspace       used 34467K, capacity 35386K, committed 35416K, reserved 1079296K
  class space    used 4721K, capacity 4970K, committed 4992K, reserved 1048576K
}

Deoptimization events (10 events):
Event: 6.653 Thread 0x000000001b436800 Uncommon trap: reason=unstable_if action=reinterpret pc=0x0000000002cbae20 method=java.net.URI.match(CJJ)Z @ 45
Event: 6.727 Thread 0x000000001b436800 Uncommon trap: reason=unstable_if action=reinterpret pc=0x0000000002cb6660 method=java.net.URI.match(CJJ)Z @ 45
Event: 6.870 Thread 0x000000001b436800 Uncommon trap: reason=unstable_if action=reinterpret pc=0x0000000003151c7c method=jdk.internal.org.objectweb.asm.Type.getArgumentsAndReturnSizes(Ljava/lang/String;)I @ 88
Event: 7.478 Thread 0x000000001a913800 Uncommon trap: reason=class_check action=maybe_recompile pc=0x00000000030f805c method=java.util.concurrent.ConcurrentHashMap.putVal(Ljava/lang/Object;Ljava/lang/Object;Z)Ljava/lang/Object; @ 192
Event: 7.505 Thread 0x000000001a90f800 Uncommon trap: reason=unstable_if action=reinterpret pc=0x00000000030f80d0 method=java.util.concurrent.ConcurrentHashMap.addCount(JI)V @ 168
Event: 7.506 Thread 0x000000001a90f800 Uncommon trap: reason=unstable_if action=reinterpret pc=0x00000000030211cc method=java.util.concurrent.ConcurrentHashMap.transfer([Ljava/util/concurrent/ConcurrentHashMap$Node;[Ljava/util/concurrent/ConcurrentHashMap$Node;)V @ 34
Event: 7.507 Thread 0x000000001a913800 Uncommon trap: reason=unstable_if action=reinterpret pc=0x0000000003524998 method=java.util.concurrent.ConcurrentHashMap.get(Ljava/lang/Object;)Ljava/lang/Object; @ 86
Event: 7.878 Thread 0x000000001b436800 Uncommon trap: reason=unstable_if action=reinterpret pc=0x0000000002e8392c method=java.util.jar.JarFile.match([C[B[I[I)Z @ 29
Event: 8.389 Thread 0x000000001b436800 Uncommon trap: reason=unstable_if action=reinterpret pc=0x000000000321957c method=java.io.BufferedInputStream.read([BII)I @ 56
Event: 8.445 Thread 0x000000001b436800 Uncommon trap: reason=predicate action=maybe_recompile pc=0x00000000036b5704 method=java.util.Arrays.binarySearch0([Ljava/lang/Object;IILjava/lang/Object;Ljava/util/Comparator;)I @ 28

Classes redefined (0 events):
No events

Internal exceptions (10 events):
Event: 8.163 Thread 0x000000001b41d800 Exception <a 'java/lang/NoSuchMethodError': <clinit>> (0x00000000d77235b8) thrown at [C:\src\AOSP-openjdk-git\hotspot\src\share\vm\prims\jni.cpp, line 1615]
Event: 8.163 Thread 0x000000001b41d800 Exception <a 'java/lang/NoSuchMethodError': <clinit>> (0x00000000d7724eb0) thrown at [C:\src\AOSP-openjdk-git\hotspot\src\share\vm\prims\jni.cpp, line 1615]
Event: 8.163 Thread 0x000000001b41d800 Exception <a 'java/lang/NoSuchMethodError': <clinit>> (0x00000000d77263d8) thrown at [C:\src\AOSP-openjdk-git\hotspot\src\share\vm\prims\jni.cpp, line 1615]
Event: 8.164 Thread 0x000000001b41d800 Exception <a 'java/lang/NoSuchMethodError': <clinit>> (0x00000000d7730648) thrown at [C:\src\AOSP-openjdk-git\hotspot\src\share\vm\prims\jni.cpp, line 1615]
Event: 8.165 Thread 0x000000001b41d800 Exception <a 'java/lang/NoSuchMethodError': <clinit>> (0x00000000d773b568) thrown at [C:\src\AOSP-openjdk-git\hotspot\src\share\vm\prims\jni.cpp, line 1615]
Event: 8.168 Thread 0x000000001b41d800 Exception <a 'java/lang/NoSuchMethodError': <clinit>> (0x00000000d774e970) thrown at [C:\src\AOSP-openjdk-git\hotspot\src\share\vm\prims\jni.cpp, line 1615]
Event: 8.189 Thread 0x000000001b436800 Exception <a 'java/lang/ClassNotFoundException': build_41fao4zvmrslq5st7bax77nyzBeanInfo> (0x00000000d84f4c58) thrown at [C:\src\AOSP-openjdk-git\hotspot\src\share\vm\classfile\systemDictionary.cpp, line 210]
Event: 8.190 Thread 0x000000001b436800 Exception <a 'java/lang/ClassNotFoundException': build_41fao4zvmrslq5st7bax77nyzCustomizer> (0x00000000d8501ea8) thrown at [C:\src\AOSP-openjdk-git\hotspot\src\share\vm\classfile\systemDictionary.cpp, line 210]
Event: 8.196 Thread 0x000000001b436800 Exception <a 'java/lang/ClassNotFoundException': org/gradle/api/internal/plugins/DefaultObjectConfigurationActionBeanInfo> (0x00000000d857f770) thrown at [C:\src\AOSP-openjdk-git\hotspot\src\share\vm\classfile\systemDictionary.cpp, line 210]
Event: 8.197 Thread 0x000000001b436800 Exception <a 'java/lang/ClassNotFoundException': org/gradle/api/internal/plugins/DefaultObjectConfigurationActionCustomizer> (0x00000000d85c7490) thrown at [C:\src\AOSP-openjdk-git\hotspot\src\share\vm\classfile\systemDictionary.cpp, line 210]

Events (10 events):
Event: 8.603 loading class com/google/gson/FieldNamingPolicy$6
Event: 8.603 loading class com/google/gson/FieldNamingPolicy$6 done
Event: 8.605 loading class com/google/gson/Gson
Event: 8.605 loading class com/google/gson/Gson done
Event: 8.607 loading class com/google/gson/Gson$FutureTypeAdapter
Event: 8.607 loading class com/google/gson/Gson$FutureTypeAdapter done
Event: 8.610 loading class com/google/gson/JsonIOException
Event: 8.610 loading class com/google/gson/JsonIOException done
Event: 8.610 loading class com/google/gson/JsonNull
Event: 8.610 loading class com/google/gson/JsonNull done


Dynamic libraries:
0x00007ff75beb0000 - 0x00007ff75bee1000 	C:\Program Files\Android\Android Studio\jre\bin\java.exe
0x00007fffaa9f0000 - 0x00007fffaabe6000 	C:\WINDOWS\SYSTEM32\ntdll.dll
0x00007fffa95a0000 - 0x00007fffa965d000 	C:\WINDOWS\System32\KERNEL32.DLL
0x00007fffa83a0000 - 0x00007fffa8669000 	C:\WINDOWS\System32\KERNELBASE.dll
0x00007fffa9910000 - 0x00007fffa99bc000 	C:\WINDOWS\System32\ADVAPI32.dll
0x00007fffa8a50000 - 0x00007fffa8aee000 	C:\WINDOWS\System32\msvcrt.dll
0x00007fffa8b70000 - 0x00007fffa8c0c000 	C:\WINDOWS\System32\sechost.dll
0x00007fffa9730000 - 0x00007fffa985b000 	C:\WINDOWS\System32\RPCRT4.dll
0x00007fffaa300000 - 0x00007fffaa4a0000 	C:\WINDOWS\System32\USER32.dll
0x00007fffa89d0000 - 0x00007fffa89f2000 	C:\WINDOWS\System32\win32u.dll
0x00007fffaa1e0000 - 0x00007fffaa20a000 	C:\WINDOWS\System32\GDI32.dll
0x00007fffa8130000 - 0x00007fffa823b000 	C:\WINDOWS\System32\gdi32full.dll
0x00007fffa8670000 - 0x00007fffa870d000 	C:\WINDOWS\System32\msvcp_win.dll
0x00007fffa8790000 - 0x00007fffa8890000 	C:\WINDOWS\System32\ucrtbase.dll
0x00007fff94610000 - 0x00007fff948ab000 	C:\WINDOWS\WinSxS\amd64_microsoft.windows.common-controls_6595b64144ccf1df_6.0.19041.746_none_ca02b4b61b8320a4\COMCTL32.dll
0x00007fffa98e0000 - 0x00007fffa9910000 	C:\WINDOWS\System32\IMM32.DLL
0x00000000697c0000 - 0x0000000069892000 	C:\Program Files\Android\Android Studio\jre\jre\bin\msvcr100.dll
0x00000000698a0000 - 0x000000006a0eb000 	C:\Program Files\Android\Android Studio\jre\jre\bin\server\jvm.dll
0x00007fffaa120000 - 0x00007fffaa128000 	C:\WINDOWS\System32\PSAPI.DLL
0x00007fff8a4c0000 - 0x00007fff8a4c9000 	C:\WINDOWS\SYSTEM32\WSOCK32.dll
0x00007fffa96c0000 - 0x00007fffa972b000 	C:\WINDOWS\System32\WS2_32.dll
0x00007fff93cc0000 - 0x00007fff93ce7000 	C:\WINDOWS\SYSTEM32\WINMM.dll
0x00007fff9f420000 - 0x00007fff9f42a000 	C:\WINDOWS\SYSTEM32\VERSION.dll
0x00007fff924f0000 - 0x00007fff924ff000 	C:\Program Files\Android\Android Studio\jre\jre\bin\verify.dll
0x00007fff6f4b0000 - 0x00007fff6f4d9000 	C:\Program Files\Android\Android Studio\jre\jre\bin\java.dll
0x00007fff917d0000 - 0x00007fff917e6000 	C:\Program Files\Android\Android Studio\jre\jre\bin\zip.dll
0x00007fffa99c0000 - 0x00007fffaa102000 	C:\WINDOWS\System32\SHELL32.dll
0x00007fffa6280000 - 0x00007fffa6a10000 	C:\WINDOWS\SYSTEM32\windows.storage.dll
0x00007fffaa650000 - 0x00007fffaa9a6000 	C:\WINDOWS\System32\combase.dll
0x00007fffa7b90000 - 0x00007fffa7bbc000 	C:\WINDOWS\SYSTEM32\Wldp.dll
0x00007fffa9410000 - 0x00007fffa94be000 	C:\WINDOWS\System32\SHCORE.dll
0x00007fffaa210000 - 0x00007fffaa265000 	C:\WINDOWS\System32\shlwapi.dll
0x00007fffa8060000 - 0x00007fffa8086000 	C:\WINDOWS\SYSTEM32\profapi.dll
0x00007fff913c0000 - 0x00007fff913da000 	C:\Program Files\Android\Android Studio\jre\jre\bin\net.dll
0x00007fffa7910000 - 0x00007fffa797a000 	C:\WINDOWS\system32\mswsock.dll
0x00007fff8e620000 - 0x00007fff8e633000 	C:\Program Files\Android\Android Studio\jre\jre\bin\nio.dll
0x00007fff94280000 - 0x00007fff942a6000 	C:\Users\Chiaki Hata\.gradle\native\31\windows-amd64\native-platform.dll
0x00007fff90c70000 - 0x00007fff90c7d000 	C:\Program Files\Android\Android Studio\jre\jre\bin\management.dll
0x00007fffa7af0000 - 0x00007fffa7b08000 	C:\WINDOWS\SYSTEM32\CRYPTSP.dll
0x00007fffa7240000 - 0x00007fffa7274000 	C:\WINDOWS\system32\rsaenh.dll
0x00007fffa88f0000 - 0x00007fffa8917000 	C:\WINDOWS\System32\bcrypt.dll
0x00007fffa7fe0000 - 0x00007fffa800e000 	C:\WINDOWS\SYSTEM32\USERENV.dll
0x00007fffa8710000 - 0x00007fffa8790000 	C:\WINDOWS\System32\bcryptprimitives.dll
0x00007fffa7ae0000 - 0x00007fffa7aec000 	C:\WINDOWS\SYSTEM32\CRYPTBASE.dll
0x00007fffa75b0000 - 0x00007fffa75eb000 	C:\WINDOWS\SYSTEM32\IPHLPAPI.DLL
0x00007fffaa110000 - 0x00007fffaa118000 	C:\WINDOWS\System32\NSI.dll
0x00007fff9ca70000 - 0x00007fff9ca87000 	C:\WINDOWS\SYSTEM32\dhcpcsvc6.DLL
0x00007fff9c8d0000 - 0x00007fff9c8ed000 	C:\WINDOWS\SYSTEM32\dhcpcsvc.DLL
0x00007fffa75f0000 - 0x00007fffa76bb000 	C:\WINDOWS\SYSTEM32\DNSAPI.dll

VM Arguments:
jvm_args: -Xmx2048m -Dfile.encoding=windows-31j -Duser.country=JP -Duser.language=ja -Duser.variant 
java_command: org.gradle.launcher.daemon.bootstrap.GradleDaemon 6.1.1
java_class_path (initial): C:\Users\Chiaki Hata\.gradle\wrapper\dists\gradle-6.1.1-all\cfmwm155h49vnt3hynmlrsdst\gradle-6.1.1\lib\gradle-launcher-6.1.1.jar
Launcher Type: SUN_STANDARD

Environment Variables:
JAVA_HOME=C:\Program Files\java\jdk1.7.0_80
PATH=C:\WINDOWS\system32;C:\WINDOWS;C:\WINDOWS\System32\Wbem;C:\WINDOWS\System32\WindowsPowerShell\v1.0\;C:\WINDOWS\System32\OpenSSH\;C:\Program Files\java\jdk1.7.0_80\bin;C:\Program Files\Intel\WiFi\bin\;C:\Program Files\Common Files\Intel\WirelessCommon\;C:\Program Files\MariaDB 10.1\bin;C:\Users\Chiaki Hata\AppData\Local\Microsoft\WindowsApps;C:\Users\Chiaki Hata\AppData\Local\Programs\Git\cmd;
USERNAME=Chiaki Hata
OS=Windows_NT
PROCESSOR_IDENTIFIER=Intel64 Family 6 Model 142 Stepping 12, GenuineIntel



---------------  S Y S T E M  ---------------

OS: Windows 10.0 , 64 bit Build 19041 (10.0.19041.804)

CPU:total 4 (initial active 4) (2 cores per cpu, 2 threads per core) family 6 model 142 stepping 12, cmov, cx8, fxsr, mmx, sse, sse2, sse3, ssse3, sse4.1, sse4.2, popcnt, avx, avx2, aes, clmul, erms, 3dnowpref, lzcnt, ht, tsc, tscinvbit, bmi1, bmi2, adx

Memory: 4k page, physical 8164132k(1858336k free), swap 8164132k(5280k free)

vm_info: OpenJDK 64-Bit Server VM (25.242-b01) for windows-amd64 JRE (1.8.0_242-release-1644-b01), built by "builder" with MS VC++ 10.0 (VS2010)

time: Wed Feb 17 18:09:24 2021
timezone: ìåãû (ïWèÄéû)
elapsed time: 8 seconds (0d 0h 0m 8s)

